<?xml version="1.0" encoding="UTF-8"?>
<!-- Generated by org.testng.reporters.JUnitReportReporter -->
<testsuite hostname="LAPTOP-OM6K05DA" failures="0" tests="4" name="org.rep.AllAnotation" time="25.501" errors="0" timestamp="2023-11-06T18:44:37 IST" skipped="1">
  <testcase classname="org.rep.AllAnotation" name="tc1" time="12.968"/>
  <testcase classname="org.rep.AllAnotation" name="tc2" time="2.696"/>
  <testcase classname="org.rep.AllAnotation" name="tc3" time="9.837"/>
  <testcase classname="org.rep.AllAnotation" name="tc14">
    <skipped/>
  </testcase> <!-- tc14 -->
</testsuite> <!-- org.rep.AllAnotation -->
