<?xml version="1.0" encoding="UTF-8"?>
<!-- Generated by org.testng.reporters.JUnitReportReporter -->
<testsuite hostname="LAPTOP-OM6K05DA" failures="0" tests="4" name="org.rep.GroupingConcepts" time="0.015" errors="0" timestamp="2023-10-28T12:50:32 IST" skipped="0">
  <testcase classname="org.rep.GroupingConcepts" name="lenovo2" time="0.003"/>
  <testcase classname="org.rep.GroupingConcepts" name="moto1" time="0.001"/>
  <testcase classname="org.rep.GroupingConcepts" name="moto2" time="0.003"/>
  <testcase classname="org.rep.GroupingConcepts" name="lenovo1" time="0.008"/>
</testsuite> <!-- org.rep.GroupingConcepts -->
