<?xml version="1.0" encoding="UTF-8"?>
<!-- Generated by org.testng.reporters.JUnitReportReporter -->
<testsuite hostname="LAPTOP-OM6K05DA" failures="0" tests="1" name="org.rep.SeleniumAdvance" time="18.973" errors="0" timestamp="2023-11-08T16:05:04 IST" skipped="0">
  <testcase classname="org.rep.SeleniumAdvance" name="JSExecutor" time="18.973"/>
</testsuite> <!-- org.rep.SeleniumAdvance -->
